<?xml version="1.0" encoding="UTF-8" ?>
<testsuite tests="1" failures="0" name="com.banabook.persistence.JDBCTest" time="0.017" errors="0" skipped="0">
  <properties>
    <property name="jansi.mode" value="force"/>
    <property name="java.runtime.name" value="Java(TM) SE Runtime Environment"/>
    <property name="java.vm.version" value="11.0.14+8-LTS-263"/>
    <property name="sun.boot.library.path" value="C:\Program Files\Java\jdk-11.0.14\bin"/>
    <property name="maven.multiModuleProjectDirectory" value="C:\Users\xx121\workspace-spring-tool-suite-4-4.14.0.RELEASE\banabook"/>
    <property name="java.vm.vendor" value="Oracle Corporation"/>
    <property name="java.vendor.url" value="https://openjdk.java.net/"/>
    <property name="guice.disable.misplaced.annotation.check" value="true"/>
    <property name="path.separator" value=";"/>
    <property name="java.vm.name" value="Java HotSpot(TM) 64-Bit Server VM"/>
    <property name="sun.os.patch.level" value=""/>
    <property name="user.script" value=""/>
    <property name="user.country" value="KR"/>
    <property name="sun.java.launcher" value="SUN_STANDARD"/>
    <property name="java.vm.specification.name" value="Java Virtual Machine Specification"/>
    <property name="user.dir" value="C:\Users\xx121\workspace-spring-tool-suite-4-4.14.0.RELEASE\banabook"/>
    <property name="java.vm.compressedOopsMode" value="32-bit"/>
    <property name="java.runtime.version" value="11.0.14+8-LTS-263"/>
    <property name="java.awt.graphicsenv" value="sun.awt.Win32GraphicsEnvironment"/>
    <property name="os.arch" value="amd64"/>
    <property name="java.io.tmpdir" value="C:\Users\xx121\AppData\Local\Temp\"/>
    <property name="line.separator" value="
"/>
    <property name="java.vm.specification.vendor" value="Oracle Corporation"/>
    <property name="user.variant" value=""/>
    <property name="os.name" value="Windows 10"/>
    <property name="classworlds.conf" value="C:\Users\xx121\workspace-spring-tool-suite-4-4.14.0.RELEASE\.metadata\.plugins\org.eclipse.m2e.launching\launches\m2conf8181057784493778473.tmp"/>
    <property name="jansi.force" value="true"/>
    <property name="sun.jnu.encoding" value="MS949"/>
    <property name="java.library.path" value="C:\Program Files\Java\jdk-11.0.14\bin;C:\Windows\Sun\Java\bin;C:\Windows\system32;C:\Windows;C:\Program Files\Common Files\Oracle\Java\javapath;C:\oraclexe\app\oracle\product\11.2.0\server\bin;C:\Program Files\Java\jdk-11.0.14\jdk-11.0.14\bin;C:\Windows\system32;C:\Windows;C:\Windows\System32\Wbem;C:\Windows\System32\WindowsPowerShell\v1.0\;C:\Windows\System32\OpenSSH\;C\MinGW\bin;C:\Program Files\Git\cmd;C:\Users\xx121\AppData\Local\Programs\Python\Python39\Scripts\;C:\Users\xx121\AppData\Local\Programs\Python\Python39\;C:\Users\xx121\AppData\Local\Microsoft\WindowsApps;C:\Program Files\Bandizip\;C:\Users\xx121\AppData\Local\Programs\Microsoft VS Code\bin;C:\Users\xx121\AppData\Local\GitHubDesktop\bin;C:\Program Files\JetBrains\IntelliJ IDEA Educational Edition 2021.3.3\bin;;&quot;C:\Program Files\Java\jdk-11.0.14\jdk-11.0.14\lib;.&quot;;;."/>
    <property name="jansi.passthrough" value="true"/>
    <property name="jdk.debug" value="release"/>
    <property name="java.class.version" value="55.0"/>
    <property name="java.specification.name" value="Java Platform API Specification"/>
    <property name="sun.management.compiler" value="HotSpot 64-Bit Tiered Compilers"/>
    <property name="os.version" value="10.0"/>
    <property name="user.home" value="C:\Users\xx121"/>
    <property name="user.timezone" value="Asia/Seoul"/>
    <property name="java.awt.printerjob" value="sun.awt.windows.WPrinterJob"/>
    <property name="file.encoding" value="MS949"/>
    <property name="java.specification.version" value="11"/>
    <property name="user.name" value="SUNNY"/>
    <property name="java.class.path" value="C:\Users\xx121\STS4\contents\sts-4.14.0.RELEASE\plugins\org.eclipse.m2e.maven.runtime_1.18.3.20220227-1319\jars\plexus-classworlds-2.6.0.jar"/>
    <property name="java.vm.specification.version" value="11"/>
    <property name="sun.arch.data.model" value="64"/>
    <property name="sun.java.command" value="org.codehaus.plexus.classworlds.launcher.Launcher -B install -Dstyle.color=always"/>
    <property name="java.home" value="C:\Program Files\Java\jdk-11.0.14"/>
    <property name="user.language" value="ko"/>
    <property name="java.specification.vendor" value="Oracle Corporation"/>
    <property name="awt.toolkit" value="sun.awt.windows.WToolkit"/>
    <property name="java.vm.info" value="mixed mode"/>
    <property name="java.version" value="11.0.14"/>
    <property name="java.vendor" value="Oracle Corporation"/>
    <property name="maven.home" value="C:\Users\xx121\workspace-spring-tool-suite-4-4.14.0.RELEASE\banabook\EMBEDDED"/>
    <property name="style.color" value="always"/>
    <property name="file.separator" value="\"/>
    <property name="java.version.date" value="2022-01-18"/>
    <property name="java.vendor.url.bug" value="https://bugreport.java.com/bugreport/"/>
    <property name="sun.io.unicode.encoding" value="UnicodeLittle"/>
    <property name="sun.cpu.endian" value="little"/>
    <property name="java.vendor.version" value="18.9"/>
    <property name="sun.desktop" value="windows"/>
    <property name="sun.cpu.isalist" value="amd64"/>
  </properties>
  <testcase classname="com.banabook.persistence.JDBCTest" name="testConnection" time="0.017"/>
</testsuite>